<?xml version="1.0" encoding="UTF-8"?>
<testng-results ignored="0" total="1" passed="1" failed="0" skipped="0">
  <reporter-output>
  </reporter-output>
  <suite started-at="2023-12-14T20:20:10 EST" name="smoke" finished-at="2023-12-14T20:20:23 EST" duration-ms="12918">
    <groups>
    </groups>
    <test started-at="2023-12-14T20:20:10 EST" name="LoginTest" finished-at="2023-12-14T20:20:23 EST" duration-ms="12918">
      <class name="test.LoginTest">
        <test-method signature="validUserShoulBeAbleToLogin(java.lang.String,java.lang.String,java.lang.String,java.lang.String)[pri:0, instance:test.LoginTest@36916eb0]" started-at="2023-12-14T20:20:10 EST" name="validUserShoulBeAbleToLogin" finished-at="2023-12-14T20:20:23 EST" duration-ms="12815" status="PASS">
          <params>
            <param index="0">
              <value>
                <![CDATA[demo@techfios.com]]>
              </value>
            </param>
            <param index="1">
              <value>
                <![CDATA[abc123]]>
              </value>
            </param>
            <param index="2">
              <value>
                <![CDATA[Dashboard]]>
              </value>
            </param>
            <param index="3">
              <value>
                <![CDATA[Dashboard page not found]]>
              </value>
            </param>
          </params>
          <reporter-output>
          </reporter-output>
        </test-method> <!-- validUserShoulBeAbleToLogin -->
      </class> <!-- test.LoginTest -->
    </test> <!-- LoginTest -->
  </suite> <!-- smoke -->
</testng-results>
